<?xml version="1.0" encoding="UTF-8"?>
<!-- Generated by org.testng.reporters.JUnitReportReporter -->
<testsuite hostname="DESKTOP-EA7D6FA" failures="0" tests="1" name="TestsFile.Teststore" time="4.910" errors="0" timestamp="2023-05-01T23:38:17 GMT" skipped="0">
  <testcase classname="TestsFile.Teststore" name="test001" time="4.910"/>
  <system-out/>
</testsuite> <!-- TestsFile.Teststore -->
