<?xml version="1.0" encoding="UTF-8"?>
<!-- Generated by org.testng.reporters.JUnitReportReporter -->
<testsuite hostname="DESKTOP-EA7D6FA" failures="0" tests="1" name="Pages.logingPage" time="18.670" errors="0" timestamp="2023-05-27T01:25:45 GMT" skipped="0">
  <testcase classname="Pages.logingPage" name="testLog" time="18.670"/>
  <system-out/>
</testsuite> <!-- Pages.logingPage -->
